0 info it worked if it ends with ok
1 verbose cli [ '/home/marius/.nvm/versions/node/v6.11.3/bin/node',
1 verbose cli   '/home/marius/.nvm/versions/node/v6.11.3/bin/npm',
1 verbose cli   'run',
1 verbose cli   'lint' ]
2 info using npm@3.10.10
3 info using node@v6.11.3
4 verbose run-script [ 'prelint', 'lint', 'postlint' ]
5 info lifecycle tealium_bbx_oewa@1.0.0~prelint: tealium_bbx_oewa@1.0.0
6 silly lifecycle tealium_bbx_oewa@1.0.0~prelint: no script for prelint, continuing
7 info lifecycle tealium_bbx_oewa@1.0.0~lint: tealium_bbx_oewa@1.0.0
8 verbose lifecycle tealium_bbx_oewa@1.0.0~lint: unsafe-perm in lifecycle true
9 verbose lifecycle tealium_bbx_oewa@1.0.0~lint: PATH: /home/marius/.nvm/versions/node/v6.11.3/lib/node_modules/npm/bin/node-gyp-bin:/home/marius/development/tealium/node_modules/.bin:/home/marius/.sdkman/candidates/scala/current/bin:/home/marius/.sdkman/candidates/kotlin/current/bin:/home/marius/.sdkman/candidates/java/current/bin:/home/marius/.sdkman/candidates/gradle/current/bin:/home/marius/development/knoxv2:/home/marius/go/bin:/home/marius/.nvm/versions/node/v6.11.3/bin:/home/marius/development/tealium/node_modules/.bin:/home/marius/bin:/usr/local/sbin:/usr/local/bin:/usr/sbin:/usr/bin:/sbin:/bin:/usr/games:/usr/local/games:/snap/bin:/usr/lib/jvm/java-8-oracle/bin:/usr/lib/jvm/java-8-oracle/db/bin:/usr/lib/jvm/java-8-oracle/jre/bin:/home/marius/Android/Sdk/tools:/home/marius/Android/Sdk/platform-tools:/home/marius/confluent-5.3.1/bin
10 verbose lifecycle tealium_bbx_oewa@1.0.0~lint: CWD: /home/marius/development/tealium
11 silly lifecycle tealium_bbx_oewa@1.0.0~lint: Args: [ '-c', 'eslint .' ]
12 silly lifecycle tealium_bbx_oewa@1.0.0~lint: Returned: code: 1  signal: null
13 info lifecycle tealium_bbx_oewa@1.0.0~lint: Failed to exec lint script
14 verbose stack Error: tealium_bbx_oewa@1.0.0 lint: `eslint .`
14 verbose stack Exit status 1
14 verbose stack     at EventEmitter.<anonymous> (/home/marius/.nvm/versions/node/v6.11.3/lib/node_modules/npm/lib/utils/lifecycle.js:255:16)
14 verbose stack     at emitTwo (events.js:106:13)
14 verbose stack     at EventEmitter.emit (events.js:191:7)
14 verbose stack     at ChildProcess.<anonymous> (/home/marius/.nvm/versions/node/v6.11.3/lib/node_modules/npm/lib/utils/spawn.js:40:14)
14 verbose stack     at emitTwo (events.js:106:13)
14 verbose stack     at ChildProcess.emit (events.js:191:7)
14 verbose stack     at maybeClose (internal/child_process.js:920:16)
14 verbose stack     at Process.ChildProcess._handle.onexit (internal/child_process.js:230:5)
15 verbose pkgid tealium_bbx_oewa@1.0.0
16 verbose cwd /home/marius/development/tealium
17 error Linux 5.0.0-38-generic
18 error argv "/home/marius/.nvm/versions/node/v6.11.3/bin/node" "/home/marius/.nvm/versions/node/v6.11.3/bin/npm" "run" "lint"
19 error node v6.11.3
20 error npm  v3.10.10
21 error code ELIFECYCLE
22 error tealium_bbx_oewa@1.0.0 lint: `eslint .`
22 error Exit status 1
23 error Failed at the tealium_bbx_oewa@1.0.0 lint script 'eslint .'.
23 error Make sure you have the latest version of node.js and npm installed.
23 error If you do, this is most likely a problem with the tealium_bbx_oewa package,
23 error not with npm itself.
23 error Tell the author that this fails on your system:
23 error     eslint .
23 error You can get information on how to open an issue for this project with:
23 error     npm bugs tealium_bbx_oewa
23 error Or if that isn't available, you can get their info via:
23 error     npm owner ls tealium_bbx_oewa
23 error There is likely additional logging output above.
24 verbose exit [ 1, true ]
